Content-Type: multipart/alternative;
 boundary="===============8846041004131127797=="
MIME-Version: 1.0
Subject: GIRS account created successfully
From: noreply@example.com
To: eyomao@gmail.comx
Date: Tue, 05 Dec 2023 08:40:54 -0000
Message-ID: <170176565457.7220.251775249014742955@OuimasGlobal>

--===============8846041004131127797==
Content-Type: text/html; charset="utf-8"
MIME-Version: 1.0
Content-Transfer-Encoding: 7bit

<div>
  <h6>Hello Louis</h6>
  <br />
  <br />
  <p>Welcome to the CrestLearn World</p>

  <br />
  <br />
  <p>
    Your CrestLearn Account has been created and your log in details are below.
  </p>
  <br />
  <p>Username: eyomao@gmail.comx</p>
  <p>Password is: AJZPUQSTQXTX</p>
  <br />
  <br />

  <p>
    Please visit here
    <a href="http://localhost:3000">http://localhost:3000</a>
    to log in.
  </p>

  <p>Enjoy!</p>

  <p>Best Regards!</p>

  <p>Team CrestLearn.</p>
</div>

--===============8846041004131127797==--

-------------------------------------------------------------------------------
