Content-Type: multipart/alternative;
 boundary="===============0842651668831242622=="
MIME-Version: 1.0
Subject: GIRS account created successfully
From: noreply@example.com
To: ouimasglobal@gmail.com
Date: Wed, 29 Nov 2023 06:19:05 -0000
Message-ID: <170123874576.32692.12494894638873933222@OuimasGlobal>

--===============0842651668831242622==
Content-Type: text/html; charset="utf-8"
MIME-Version: 1.0
Content-Transfer-Encoding: 7bit

<div>
  <h6>Hello Divine</h6>
  <br />
  <br />
  <p>Welcome to the CrestLearn World</p>

  <br />
  <br />
  <p>
    Your CrestLearn Account has been created and your log in details are below.
  </p>
  <br />
  <p>Username: ouimasglobal@gmail.com</p>
  <p>Password is: GLQPKCWDSMQG</p>
  <br />
  <br />

  <p>
    Please visit here
    <a href="http://localhost:3000">http://localhost:3000</a>
    to log in.
  </p>

  <p>Enjoy!</p>

  <p>Best Regards!</p>

  <p>Team CrestLearn.</p>
</div>

--===============0842651668831242622==--

-------------------------------------------------------------------------------
