Content-Type: multipart/alternative;
 boundary="===============8538310810871906550=="
MIME-Version: 1.0
Subject: GIRS account created successfully
From: noreply@example.com
To: eyomao1@gmail.com
Date: Wed, 06 Dec 2023 10:04:12 -0000
Message-ID: <170185705286.19292.9809761590007117809@OuimasGlobal>

--===============8538310810871906550==
Content-Type: text/html; charset="utf-8"
MIME-Version: 1.0
Content-Transfer-Encoding: 7bit

<div>
  <h6>Hello Louis</h6>
  <br />
  <br />
  <p>Welcome to the CrestLearn World</p>

  <br />
  <br />
  <p>
    Your CrestLearn Account has been created and your log in details are below.
  </p>
  <br />
  <p>Username: eyomao1@gmail.com</p>
  <p>Password is: NOSJYTQXPUKT</p>
  <br />
  <br />

  <p>
    Please visit here
    <a href="http://localhost:3000">http://localhost:3000</a>
    to log in.
  </p>

  <p>Enjoy!</p>

  <p>Best Regards!</p>

  <p>Team CrestLearn.</p>
</div>

--===============8538310810871906550==--

-------------------------------------------------------------------------------
